<?xml version="1.0" encoding="UTF-8"?>
<testng-results ignored="0" total="1" passed="1" failed="0" skipped="0">
  <reporter-output>
  </reporter-output>
  <suite started-at="2024-03-20T12:40:18 IST" name="Default suite" finished-at="2024-03-20T12:41:12 IST" duration-ms="53586">
    <groups>
    </groups>
    <test started-at="2024-03-20T12:40:18 IST" name="Default test" finished-at="2024-03-20T12:41:12 IST" duration-ms="53586">
      <class name="test.Test_Homework1">
        <test-method is-config="true" signature="setUpTest()[pri:0, instance:test.Test_Homework1@21282ed8]" started-at="2024-03-20T12:40:19 IST" name="setUpTest" finished-at="2024-03-20T12:40:23 IST" duration-ms="4411" status="PASS">
          <reporter-output>
          </reporter-output>
        </test-method> <!-- setUpTest -->
        <test-method signature="googleSearch2()[pri:0, instance:test.Test_Homework1@21282ed8]" started-at="2024-03-20T12:40:23 IST" name="googleSearch2" finished-at="2024-03-20T12:41:08 IST" duration-ms="45318" status="PASS">
          <reporter-output>
          </reporter-output>
        </test-method> <!-- googleSearch2 -->
        <test-method is-config="true" signature="tearDown()[pri:0, instance:test.Test_Homework1@21282ed8]" started-at="2024-03-20T12:41:08 IST" name="tearDown" finished-at="2024-03-20T12:41:12 IST" duration-ms="3754" status="PASS">
          <reporter-output>
          </reporter-output>
        </test-method> <!-- tearDown -->
      </class> <!-- test.Test_Homework1 -->
    </test> <!-- Default test -->
  </suite> <!-- Default suite -->
</testng-results>
